16:46:25:408 (00025156) > [Startup] Ghost of Tsushima DIRECTOR'S CUT
16:46:25:408 (00025156) > [Startup] ==============
16:46:25:408 (00025156) > [Startup] 
16:46:25:408 (00025156) > [Startup] Build: v1053.0.0515.2048
16:46:25:408 (00025156) > [Startup] Windows 10.0 (build 19045.5487)
16:46:25:408 (00025156) > [Startup] Distribution platform: Steam
16:46:25:408 (00025156) > [Startup] Game directory: C:\Users\<username>\Documents\Ghost of Tsushima DIRECTOR'S CUT\
16:46:25:408 (00025156) > [Startup] Working directory: C:\Games\Ghost of Tsushima DC
16:46:25:408 (00025156) > [Startup] Run ID: 5E50-894B-5EA0-34D6
16:46:25:408 (00025156) > [Startup] 
16:46:25:408 (00025156) > [Startup] Memory statistics:
16:46:25:408 (00025156) > [Startup]   Total RAM = 7.3 GB (7524 MB)
16:46:25:408 (00025156) > [Startup]   Avail RAM = 3.2 GB (3275 MB)
16:46:25:408 (00025156) > [Startup]   Total virtual memory = 131072.0 GB (134217727 MB)
16:46:25:408 (00025156) > [Startup]   Avail virtual memory = 131066.7 GB (134212335 MB)
16:46:25:408 (00025156) > [Startup]   Total page file = 17.8 GB (18276 MB)
16:46:25:408 (00025156) > [Startup]   Avail page file = 9.5 GB (9715 MB)
16:46:25:408 (00025156) > [Startup] 
16:46:25:408 (00025156) > [Steam] Initializing.
16:46:25:408 (00025156) > [Steam] Successfully initialized.
16:46:25:408 (00025156) > [Steam] Currently connected to 0 remote sessions
16:46:25:408 (00025156) > [NxSteam] End previously existing file batch, did the game quit abnormally while saving?
16:46:25:862 (00025156) > [NxApp] PreInit
16:46:25:863 (00025156) > [SwapChain] Initializing...
16:46:25:863 (00025156) > [DXGI] Initializing...
16:46:29:653 (00025156) > [NxApp] Streamline was successfully initialized.
16:46:29:653 (00025156) > [DXGI] Successfully initialized.
16:46:29:653 (00025156) > [Render] Enumerating adapters:
16:46:29:653 (00025156) > [Render] 	Adapter 0:
16:46:29:653 (00025156) > [Monitor] 		Description             : NVIDIA GeForce RTX 3050 Laptop GPU
16:46:29:653 (00025156) > [Monitor] 		Vendor                  : nVidia (10de)
16:46:29:653 (00025156) > [Monitor] 		Device                  : 25a5
16:46:29:653 (00025156) > [Monitor] 		Sub system              : 88ec103c
16:46:29:653 (00025156) > [Monitor] 		Revision                : 161
16:46:29:653 (00025156) > [Monitor] 		Dedicated Video Memory  : 3964 MB
16:46:29:653 (00025156) > [Monitor] 		Dedicated System Memory : 0000 MB
16:46:29:653 (00025156) > [Monitor] 		Shared System Memory    : 3762 MB
16:46:29:653 (00025156) > [Monitor] 
16:46:29:653 (00025156) > [Render] Loading NVAPI...
16:46:29:655 (00025156) > [Render] Done loading NVAPI
16:46:29:655 (00025156) > [Render] 	Adapter 1:
16:46:29:655 (00025156) > [Monitor] 		Description             : AMD Radeon(TM) Graphics
16:46:29:655 (00025156) > [Monitor] 		Vendor                  : AMD (1002)
16:46:29:655 (00025156) > [Monitor] 		Device                  : 1638
16:46:29:655 (00025156) > [Monitor] 		Sub system              : 88ec103c
16:46:29:655 (00025156) > [Monitor] 		Revision                : 198
16:46:29:655 (00025156) > [Monitor] 		Dedicated Video Memory  : 0496 MB
16:46:29:655 (00025156) > [Monitor] 		Dedicated System Memory : 0000 MB
16:46:29:655 (00025156) > [Monitor] 		Shared System Memory    : 3762 MB
16:46:29:655 (00025156) > [Monitor] 
16:46:29:655 (00025156) > [Render] Loading ADL...
16:46:29:756 (00025156) > [Render] AGS init succeeded
16:46:29:756 (00025156) > [Render] AGS Radeon Software Version: 21.40.26
16:46:29:756 (00025156) > [Render] Done loading ADL and AGS
16:46:29:756 (00025156) > [Render] 	Adapter 2:
16:46:29:756 (00025156) > [Monitor] 		Description             : Microsoft Basic Render Driver
16:46:29:756 (00025156) > [Monitor] 		Vendor                  : Unknown (1414)
16:46:29:756 (00025156) > [Monitor] 		Device                  : 8c
16:46:29:756 (00025156) > [Monitor] 		Sub system              : 0
16:46:29:756 (00025156) > [Monitor] 		Revision                : 0
16:46:29:756 (00025156) > [Monitor] 		Dedicated Video Memory  : 0000 MB
16:46:29:756 (00025156) > [Monitor] 		Dedicated System Memory : 0000 MB
16:46:29:756 (00025156) > [Monitor] 		Shared System Memory    : 3762 MB
16:46:29:756 (00025156) > [Monitor] 
16:46:29:756 (00025156) > [Render] Enumerating monitors:
16:46:29:756 (00025156) > [Render] 	Monitor 0: handle = 0000000000010001, aspect = 1.77, rounded aspect = 1.78
16:46:29:756 (00025156) > [Render] 
16:46:29:757 (00025156) > [Render] Failed to get the nvidia display handle
16:46:29:758 (00025156) > [Render] Failed to get the nvidia display output ID
16:46:29:759 (00025156) > [Render] 	Monitor handle = 0000000000010001, pixel aspect ratio = 1.00
16:46:29:759 (00025156) > [SwapChain] Successfully initialized.
16:46:29:759 (00025156) > [Render] Enumerating Display Modes:
16:46:29:760 (00025156) > [Render] Querying ADL for Eyefinity modes
16:46:29:761 (00025156) > [Render] Querying NVAPI for Surround modes
16:46:29:762 (00025156) > [Render] NvAPI_DISP_GetGDIPrimaryDisplayId returned NVAPI_NVIDIA_DEVICE_NOT_FOUND (fffffffa)

16:46:29:762 (00025156) > [Render] 	Monitor '1 (NVIDIA GeForce RTX 3050 Laptop GPU(1))' (0000000000010001): rect(0 1920 0 1080)
16:46:29:762 (00025156) > [Render] 		- Mode  0 :  800 x  600 @  48 Hz, stereo = 0, hdr = 0 exclusive = 0
16:46:29:762 (00025156) > [Render] 		- Mode  1 :  800 x  600 @  48 Hz, stereo = 0, hdr = 0 exclusive = 0
16:46:29:762 (00025156) > [Render] 		- Mode  2 :  800 x  600 @  60 Hz, stereo = 0, hdr = 0 exclusive = 0
16:46:29:762 (00025156) > [Render] 		- Mode  3 :  800 x  600 @  60 Hz, stereo = 0, hdr = 0 exclusive = 0
16:46:29:762 (00025156) > [Render] 		- Mode  4 : 1024 x  768 @  48 Hz, stereo = 0, hdr = 0 exclusive = 0
16:46:29:762 (00025156) > [Render] 		- Mode  5 : 1024 x  768 @  48 Hz, stereo = 0, hdr = 0 exclusive = 0
16:46:29:762 (00025156) > [Render] 		- Mode  6 : 1024 x  768 @  60 Hz, stereo = 0, hdr = 0 exclusive = 0
16:46:29:762 (00025156) > [Render] 		- Mode  7 : 1024 x  768 @  60 Hz, stereo = 0, hdr = 0 exclusive = 0
16:46:29:762 (00025156) > [Render] 		- Mode  8 : 1280 x  720 @  48 Hz, stereo = 0, hdr = 0 exclusive = 0
16:46:29:762 (00025156) > [Render] 		- Mode  9 : 1280 x  720 @  48 Hz, stereo = 0, hdr = 0 exclusive = 0
16:46:29:762 (00025156) > [Render] 		- Mode 10 : 1280 x  720 @  60 Hz, stereo = 0, hdr = 0 exclusive = 0
16:46:29:762 (00025156) > [Render] 		- Mode 11 : 1280 x  720 @  60 Hz, stereo = 0, hdr = 0 exclusive = 0
16:46:29:762 (00025156) > [Render] 		- Mode 12 : 1280 x 1024 @  48 Hz, stereo = 0, hdr = 0 exclusive = 0
16:46:29:762 (00025156) > [Render] 		- Mode 13 : 1280 x 1024 @  48 Hz, stereo = 0, hdr = 0 exclusive = 0
16:46:29:762 (00025156) > [Render] 		- Mode 14 : 1280 x 1024 @  60 Hz, stereo = 0, hdr = 0 exclusive = 0
16:46:29:762 (00025156) > [Render] 		- Mode 15 : 1280 x 1024 @  60 Hz, stereo = 0, hdr = 0 exclusive = 0
16:46:29:762 (00025156) > [Render] 		- Mode 16 : 1366 x  768 @  48 Hz, stereo = 0, hdr = 0 exclusive = 0
16:46:29:762 (00025156) > [Render] 		- Mode 17 : 1366 x  768 @  48 Hz, stereo = 0, hdr = 0 exclusive = 0
16:46:29:762 (00025156) > [Render] 		- Mode 18 : 1366 x  768 @  60 Hz, stereo = 0, hdr = 0 exclusive = 0
16:46:29:762 (00025156) > [Render] 		- Mode 19 : 1366 x  768 @  60 Hz, stereo = 0, hdr = 0 exclusive = 0
16:46:29:762 (00025156) > [Render] 		- Mode 20 : 1600 x  900 @  48 Hz, stereo = 0, hdr = 0 exclusive = 0
16:46:29:762 (00025156) > [Render] 		- Mode 21 : 1600 x  900 @  48 Hz, stereo = 0, hdr = 0 exclusive = 0
16:46:29:762 (00025156) > [Render] 		- Mode 22 : 1600 x  900 @  60 Hz, stereo = 0, hdr = 0 exclusive = 0
16:46:29:762 (00025156) > [Render] 		- Mode 23 : 1600 x  900 @  60 Hz, stereo = 0, hdr = 0 exclusive = 0
16:46:29:762 (00025156) > [Render] 		- Mode 24 : 1680 x 1050 @  48 Hz, stereo = 0, hdr = 0 exclusive = 0
16:46:29:762 (00025156) > [Render] 		- Mode 25 : 1680 x 1050 @  48 Hz, stereo = 0, hdr = 0 exclusive = 0
16:46:29:762 (00025156) > [Render] 		- Mode 26 : 1680 x 1050 @  60 Hz, stereo = 0, hdr = 0 exclusive = 0
16:46:29:762 (00025156) > [Render] 		- Mode 27 : 1680 x 1050 @  60 Hz, stereo = 0, hdr = 0 exclusive = 0
16:46:29:762 (00025156) > [Render] 		- Mode 28 : 1920 x 1080 @  48 Hz, stereo = 0, hdr = 0 exclusive = 0
16:46:29:762 (00025156) > [Render] 		- Mode 29 : 1920 x 1080 @  60 Hz, stereo = 0, hdr = 0 exclusive = 0
16:46:29:762 (00025156) > [Render] ***** Additional Monitor Output Info *****
16:46:29:762 (00025156) > [Render] 		BitsPerColor: 8
16:46:29:762 (00025156) > [Render] 		Primaries: R=0.5840;0.3438  G=0.3350;0.5527  B=0.1611;0.1289  White-Point=0.3135;0.3291
16:46:29:762 (00025156) > [Render] 		HDR: No (Color Space: DXGI_COLOR_SPACE_RGB_FULL_G22_NONE_P709)
16:46:29:762 (00025156) > [Render] 		Luminance: Min=0.5000 Max=270.0000 MaxFullFrame=270.0000
16:46:29:762 (00025156) > [Render] ******************************************
16:46:29:762 (00025156) > [Render] 
16:46:30:399 (00025156) > [NxReflex] Reflex support result:Result::eOk
16:46:30:399 (00025156) > [NxReflex] Reflex GetState result:Result::eErrorNotInitialized
16:46:30:400 (00025156) > [NxReflex] DLSSG support result:Result::eErrorOSDisabledHWS
16:46:30:400 (00025156) > [NxApp] Querying GPU Driver Info...
16:46:30:400 (00025156) > [NxApp] Enumerating available display adapters:
16:46:30:508 (00025156) > [NxApp] 		NVIDIA GeForce RTX 3050 Laptop GPU (active)
16:46:30:508 (00025156) > [NxApp] 		AMD Radeon(TM) Graphics
16:46:30:508 (00025156) > [NxApp] Successfully found GPU Driver Info
16:46:30:508 (00025156) > [D3D] Max supported feature level: 11.0
16:46:30:508 (00025156) > [Render] Disabled D3D12 experimentals
16:46:30:756 (00025156) > [Render] VMEM Budget: 3369 MB
16:46:30:756 (00025156) > [Render] VMEM Available: 3347 MB
16:46:31:514 (00025156) > [Render] GPU node count: 1
16:46:31:546 (00025156) > [NxApp] PreInit successful.
16:46:31:552 (00025156) > [NxUpscaler] SL DLSS support: Result::eOk
16:46:31:595 (00025156) > [NxUpscaler] XeSS init, code = 0
16:46:31:598 (00025156) > [Input] Keyboard language: "English (United States)" (id: 1033)
16:46:31:598 (00025156) > [Input] Keyboard physical layout: "India" (id: 00004009)
16:46:31:598 (00025156) > [Input] Joystick            "Controller (Cosmic Byte Ares)"   product 654 vendor 1118 version 0 usage 5 usagePage 1 xinput yes
16:46:31:598 (00025156) > [Input] Human Input Device  "HID-compliant vendor-defined device"   product 52861 vendor 1739 version 259 usage 1 usagePage 65280
16:46:31:598 (00025156) > [Input] Human Input Device  "Microsoft Input Configuration Device"   product 0 vendor 0 version 0 usage 0 usagePage 0
16:46:31:598 (00025156) > [Input] Human Input Device  "Synaptics TPFHID Device"   product 52861 vendor 1739 version 259 usage 5 usagePage 13
16:46:31:598 (00025156) > [Input] Human Input Device  "HID-compliant wireless radio controls"   product 1 vendor 1 version 1 usage 12 usagePage 1
16:46:31:598 (00025156) > [Input] Keyboard            "Standard PS/2 Keyboard"   type 7 subType 0 mode 1 function 12 indicators 3 total 101
16:46:31:599 (00025156) > [Input] Mouse               "Synaptics PrecisionTouchpad Filter Driver"   id 256 buttons 5 sampleRate 40 horizontalWheel no
16:46:31:612 (00025156) > [Input] Using LibScePad
16:46:31:615 (00025156) > [Input] Gamepads connected: 0 -> 1
16:46:31:615 (00025156) > [Input] Gamepad for main player: 8
16:46:31:616 (00025156) > [XInput] Enumerating available xusb hid devices:

16:46:31:630 (00025156) > [Xinput] Found device: {745A17A0-74D3-11D0-B6FE-00A0C90F57DA}(USB\VID_045E&PID_028E&IG_02),USB Input Device 
	USB\VID_045E&PID_028E&IG_02\7&B9E9041&1&02

16:46:31:630 (00025156) > [Xinput] Found device: {D61CA365-5AF4-4486-998B-9DB4734C6CA3}(USB\VID_045E&PID_028E&REV_0110),Xbox 360 Controller for Windows 
	USB\VID_045E&PID_028E\3E529640

16:46:31:661 (00025156) > [Input] new Windows.Gaming.Input raw-controller found 45e 28e {wgi/nrid/Ec;k><ll-S`hUX;]]-i?8EG2g-h5en-WVGh\} Xbox 360 Controller for Windows

16:46:33:409 (00025156) > [NxReflex] Reflex support result:Result::eOk
16:46:33:410 (00025156) > [NxReflex] Reflex GetState result:Result::eOk
16:46:33:412 (00025156) > [NxReflex] DLSSG support result:Result::eErrorOSDisabledHWS
16:46:33:413 (00025156) > [NxApp] Driver Desc: NVIDIA GeForce RTX 3050 Laptop GPU
16:46:33:413 (00025156) > [NxApp] Driver Version: 561.19
16:46:33:413 (00025156) > [**************************************************Display + Graphics Settings**************************************************] 
16:46:33:413 (00025156) > [Settings] DirectX Version: 12
16:46:33:413 (00025156) > [Settings] Window mode: Fullscreen
16:46:33:413 (00025156) > [Settings] Fullscreen display mode:
16:46:33:413 (00025156) > [Settings] 	Displaying on monitor: 0
16:46:33:413 (00025156) > [Settings] 	Resolution: 1920x1080
16:46:33:413 (00025156) > [Settings] 	HDR: Off
16:46:33:413 (00025156) > [Settings] 	OS reported Refresh rate: 60
16:46:33:413 (00025156) > [Settings] 	VSync: On
16:46:33:413 (00025156) > [Settings] 	Reflex: Low Latency with Boost
16:46:33:413 (00025156) > [Settings] 	Frame generation: None
16:46:33:413 (00025156) > [Settings] 	Resolution modifier 1.000000
16:46:33:413 (00025156) > [Settings] 	Dynamic resolution FPS target: 0
16:46:33:413 (00025156) > [Settings] Anti aliasing: TAA

16:46:33:413 (00025156) > [Settings] Upscale method: None

16:46:33:413 (00025156) > [Settings] Upscale quality: Quality

16:46:33:413 (00025156) > [Settings] Upscale sharpen value: 0.500000

16:46:33:413 (00025156) > [Settings] Graphics Options:
16:46:33:413 (00025156) > [Settings] 	Texture Quality: Medium
16:46:33:413 (00025156) > [Settings] 	Texture Filtering: Anisotropic2x
16:46:33:413 (00025156) > [Settings] 	Shadow Quality: Medium
16:46:33:413 (00025156) > [Settings] 	Depth of Field: Medium
16:46:33:413 (00025156) > [Settings] 	Level of Detail: Medium
16:46:33:413 (00025156) > [Settings] 	Terrain Detail: Medium
16:46:33:413 (00025156) > [Settings] 	Hair Quality: Medium
16:46:33:413 (00025156) > [Settings] 	Ambient Occlusion: SSAO Quality
16:46:33:413 (00025156) > [Settings] 	Screen Space Reflections: Quarter Res
16:46:33:413 (00025156) > [Settings] 	Particle Lighting: Medium

16:46:33:413 (00025156) > [Settings] 	Bloom: On
16:46:33:413 (00025156) > [Settings] 	Vignette: On
16:46:33:413 (00025156) > [Settings] 	Caustics: On
16:46:33:413 (00025156) > [Settings] 	Motion Blur: 1.000000
16:46:33:413 (00025156) > [Settings] 	FOV Correction: 1.000000
16:46:33:413 (00025156) > [Settings] 	Film Grain Strength: 1.000000
16:46:33:413 (00025156) > [Settings] 	Sharpness: 1.000000
16:46:33:413 (00025156) > [Settings] 	Lens Flares: On
16:46:33:413 (00025156) > [Settings] 	Screen Effects: On
16:46:33:413 (00025156) > [**************************************************Display + Graphics Settings**************************************************] 
16:46:33:436 (00025156) > [NxApp] Creating window...
16:46:33:437 (00005088) > [GameWindow] UpdateState bVisible true
16:46:33:445 (00025156) > [NxApp] Window created.
16:46:33:445 (00025156) > [NxApp] Initializing swapchain...
16:46:33:445 (00020568) > [SwapChain] Creating...
16:46:33:445 (00020568) > [NxSwapChainImpl] Swapchain native backbuffer (windows) resolution: 1920x1080
16:46:33:445 (00020568) > [Upscaler] ConvertScreenToRenderRes: wxh = 1920x1080 | min = 960x540 | max =  1920x1080
16:46:33:497 (00020568) > [DXGI] Created swapchain.
16:46:33:516 (00020568) > [SwapChain] Gamma correction is enabled.
16:46:33:516 (00020568) > [SwapChain] Successfully created.
16:46:33:516 (00020568) > [NxSwapChainImpl] Swapchain native backbuffer (windows) resolution: 1920x1080
16:46:33:516 (00020568) > [Upscaler] ConvertScreenToRenderRes: wxh = 1920x1080 | min = 960x540 | max =  1920x1080
16:46:33:516 (00025156) > [NxApp] Swapchain initialized
16:46:33:516 (00025156) > [NxApp] Initializing renderer...
16:46:33:516 (00025156) > [NxApp] Renderer initialized
16:46:33:516 (00025156) > [NxStorage] Detected device at 'c:\games\ghost of tsushima dc', name 'MTFDHBA512TDV-1AZ1AABHA', SSD: Yes, NVMe: Yes
16:46:34:029 (00025156) > [NxStorage] DirectStorage initialization succeeded
16:46:34:029 (00025156) > [CJobManager] Creating  10 worker threads, run on  11 cores

16:46:34:106 (00025156) > [Render] PSO cache file C:\Users\<username>\AppData\Roaming\Sucker Punch Productions\Ghost of Tsushima DIRECTOR'S CUT\\user.pso not found, no pipelines read.
16:46:34:124 (00025156) > [Render] Pipeline cache default.pso read succesfully, read 16192 pipelines, found 0 duplicates.
16:46:34:132 (00025156) > [SCE] SDK is not detected
16:46:34:490 (00025156) > [Steam] Stats received: 2
16:46:34:635 (00025156) > [Input] Windows.Gaming.Input controller connected. index: 0
16:46:34:635 (00025156) > [Input] Gamepads connected: 1 -> 2
16:46:34:635 (00025156) > [Input] Gamepad for main player: 0
16:46:34:651 (00025156) > [Input] XInput disabled, disconnecting controller. index: 0
16:46:34:652 (00025156) > [Input] Gamepads connected: 2 -> 1
16:46:34:652 (00025156) > [Input] Gamepad for main player: 0
16:46:37:151 (00025156) > [GameWindow] Window close requested
16:46:37:168 (00025156) > [App] Quit request confirmed by user
16:46:37:180 (00025156) > [NxApp] Destroying
16:46:37:191 (00025156) > [DXGI] Destroyed swapchain.
16:46:37:191 (00025156) > [SwapChain] Destroyed.
16:46:37:191 (00025156) > [SwapChain] Released.
16:46:37:192 (00025156) > [Render] Unloading NVAPI
16:46:37:192 (00025156) > [Render] Done unloading NVAPI
16:46:37:193 (00025156) > [Render] Unloading ADL...
16:46:37:194 (00025156) > [Render] Done unloading ADL
16:46:37:194 (00025156) > [DXGI] Destroyed swapchain.
16:46:37:194 (00025156) > [DXGI] Released.
16:46:37:416 (00005088) > [Crash] Memory statistics:
16:46:37:416 (00005088) > [Crash]   Total RAM = 7.3 GB (7524 MB)
16:46:37:416 (00005088) > [Crash]   Avail RAM = 1.3 GB (1341 MB)
16:46:37:416 (00005088) > [Crash]   Total virtual memory = 131072.0 GB (134217727 MB)
16:46:37:416 (00005088) > [Crash]   Avail virtual memory = 131037.1 GB (134181949 MB)
16:46:37:416 (00005088) > [Crash]   Total page file = 17.8 GB (18276 MB)
16:46:37:416 (00005088) > [Crash]   Avail page file = 4.9 GB (5048 MB)
16:46:37:416 (00005088) > [Crash] Unhandled exception at address 0x0000000000000000 (code: 0xc0000005): "Access violation"
